T_Samples = 1
-------------------------------------------------------------------------------

label one hot (1, 3, 4, 4)
[[[[0. 0. 0. 0.]
   [0. 0. 0. 0.]
   [0. 0. 0. 0.]
   [0. 0. 1. 1.]]

  [[0. 0. 0. 0.]
   [0. 0. 0. 1.]
   [0. 1. 1. 1.]
   [1. 1. 0. 0.]]

  [[1. 1. 1. 1.]
   [1. 1. 1. 0.]
   [1. 0. 0. 0.]
   [0. 0. 0. 0.]]]]
########################################
logits (1, 3, 4, 4)
[[[[0.05554414 0.01869845 0.07080972 0.27141213]
   [0.65317714 0.58058167 0.93273187 0.4293102 ]
   [0.41135514 0.44323444 0.28234375 0.399562  ]
   [0.9464109  0.7459034  0.5850476  0.9211211 ]]

  [[0.68897665 0.3992982  0.28653347 0.22129631]
   [0.98678243 0.2548753  0.59044313 0.87323976]
   [0.35679007 0.40958285 0.13033354 0.46951437]
   [0.2529379  0.18824983 0.736686   0.48727047]]

  [[0.5001017  0.32503247 0.49028778 0.51371074]
   [0.20151675 0.78892636 0.653041   0.44452262]
   [0.13248003 0.3896109  0.902364   0.3857646 ]
   [0.31667006 0.16516733 0.43019414 0.12097478]]]]
########################################
corrupted_logits (1, 3, 4, 4)
[[[[0.03927043 0.11039406 0.14794892 0.23568891]
   [0.7164466  0.5686978  0.85374546 0.5964059 ]
   [0.27661175 0.44732246 0.26015192 0.40856254]
   [0.9605147  0.7249009  0.54719025 0.94137806]]

  [[0.6614328  0.42496914 0.29939663 0.2275506 ]
   [1.0139738  0.2570246  0.5654969  0.8651896 ]
   [0.3208327  0.3679731  0.18267697 0.3878818 ]
   [0.30226213 0.17058505 0.75081825 0.50885445]]

  [[0.52131164 0.29888633 0.35568887 0.50850123]
   [0.24413036 0.79058176 0.6597955  0.45734516]
   [0.14712931 0.37671685 0.8576624  0.38444597]
   [0.34301662 0.00465275 0.39928034 0.18608512]]]]
########################################
sampled_corrupted_logits (1, ?, 3, 4, 4)
[[[[[ 0.03931136 -0.03368941  0.0602749   0.26874316]
    [ 0.6244372   0.6073625   0.98697907  0.4162901 ]
    [ 0.50768167  0.39895138  0.32102597  0.4054816 ]
    [ 0.9608021   0.7239322   0.53205574  0.9254052 ]]

   [[ 0.59511757  0.3474123   0.23796417  0.21464302]
    [ 0.9774571   0.21550316  0.5412062   0.86396897]
    [ 0.34448034  0.423486    0.19683647  0.41137654]
    [ 0.1745112   0.2198194   0.7631005   0.44759923]]

   [[ 0.5401076   0.28390118  0.56389683  0.5115141 ]
    [ 0.23507172  0.7189641   0.63957417  0.47354445]
    [ 0.12638627  0.47663882  0.8648567   0.40047172]
    [ 0.33180237  0.08427822  0.31134105  0.11860259]]]]]
########################################
####################
logits_true_class (1, ?, 3, 4, 4)
[[[[[ 0.         -0.          0.          0.        ]
    [ 0.          0.          0.          0.        ]
    [ 0.          0.          0.          0.        ]
    [ 0.          0.          0.6756093   0.8715535 ]]

   [[ 0.          0.          0.          0.        ]
    [ 0.          0.          0.          0.86611694]
    [ 0.          0.4514332   0.02162104  0.5026658 ]
    [ 0.22775717  0.35833734  0.          0.        ]]

   [[ 0.492998    0.32531863  0.3817414   0.4582326 ]
    [ 0.3504673   0.8740634   0.663003    0.        ]
    [ 0.12082455  0.          0.          0.        ]
    [ 0.          0.          0.          0.        ]]]]]
logits_other_classes (1, ?, 3, 4, 4)
[[[[[ 0.035012    0.03222188  0.09409394  0.32684058]
    [ 0.63852376  0.6271345   0.9428413   0.60441214]
    [ 0.341726    0.41383424  0.24759556  0.3941958 ]
    [ 0.8859141   0.73104656 -0.         -0.        ]]

   [[ 0.6776535   0.33167055  0.31682658  0.15599507]
    [ 0.9748673   0.30529082  0.56664723 -0.        ]
    [ 0.37556762 -0.         -0.         -0.        ]
    [-0.         -0.          0.70262975  0.63090384]]

   [[-0.         -0.         -0.         -0.        ]
    [-0.         -0.         -0.          0.48551148]
    [-0.          0.48156583  0.8972626   0.37706107]
    [ 0.41121307 -0.00338195  0.53536004  0.05919771]]]]]
########################################
logits_c (1, ?, 1, 4, 4)
[[[[[0.48806038 0.3080435  0.55192983 0.53488564]
    [0.3660316  0.60299206 0.63433    0.9828733 ]
    [0.18019553 0.4287564  0.07101908 0.44453037]
    [0.4104042  0.15397239 0.5505268  0.8696797 ]]]]]
########################################
logits_diff (1, ?, 3, 4, 4)
[[[[[-0.43159297 -0.38122925 -0.4083806  -0.2543536 ]
    [ 0.49157062 -0.24065554  0.2702455  -0.46152413]
    [ 0.42602545  0.0523549   0.25038362 -0.07466608]
    [ 0.6429051   0.64786416  0.          0.        ]]

   [[ 0.3200559   0.01862371 -0.17272723 -0.3342431 ]
    [ 0.7408602  -0.4514415   0.082672    0.        ]
    [ 0.29287207  0.          0.          0.        ]
    [ 0.          0.          0.19244468 -0.48747152]]

   [[ 0.          0.          0.          0.        ]
    [ 0.          0.          0.         -0.1679734 ]
    [ 0.         -0.11884195  0.8609092  -0.10053331]
    [ 0.25362027 -0.07166573 -0.16920972 -0.8141532 ]]]]]
########################################
logits_diff_exp (1, ?, 3, 4, 4)
[[[[[ 0.66476727  0.79973495  0.633007    0.8189993 ]
    [ 1.5440222   0.88136864  1.1779059   0.6778975 ]
    [ 1.3341702   1.0737976   1.3680443   0.8399759 ]
    [ 1.9882425   1.7298592  -0.         -0.        ]]

   [[ 1.2817553   1.2161236   0.78305954  0.80193967]
    [ 2.1088045   0.54736847  0.9318086  -0.        ]
    [ 1.2128675  -0.         -0.         -0.        ]
    [-0.         -0.          1.3060745   0.60802853]]

   [[-0.         -0.         -0.         -0.        ]
    [-0.         -0.         -0.          0.58077395]
    [-0.          0.8806635   1.9817047   0.87714314]
    [ 1.1673652   0.9303782   0.977556    0.3899154 ]]]]]
########################################
logits_sum1_class (1, ?, 1, 4, 4)
[[[[[1.707149  2.0335782 1.3530747 1.6327786]
    [3.4498892 1.2491713 2.1635814 1.2232075]
    [2.8848207 2.0673285 3.9880428 1.7590821]
    [2.551436  3.0317323 1.9526858 0.9786409]]]]]
########################################
log_sum1 (1, ?, 1, 4, 4)
[[[[[ 0.6114363   0.6294784   0.34360743  0.36291593]
    [ 1.3132762   0.32428455  0.8326011   0.19235206]
    [ 0.93002594  0.7194764   1.1674178   0.5809748 ]
    [ 1.1970283   0.93501115  0.7237149  -0.04224006]]]]]
########################################
sum2 (?, 1, 4, 4)
[[[[0.5540198  0.6251764  0.2428405  0.39157346]
   [1.3505709  0.43739176 0.6874515  0.12199301]
   [1.0036323  0.72918975 1.2201084  0.61930126]
   [1.0507953  1.1314114  0.65122604 0.1056738 ]]]]
########################################
loss ()
0.6825453
########################################




T_Samples = 2
-------------------------------------------------------------------------------


label one hot (1, 3, 4, 4)
[[[[0. 0. 0. 0.]
   [0. 0. 0. 0.]
   [0. 0. 0. 0.]
   [0. 0. 1. 1.]]

  [[0. 0. 0. 0.]
   [0. 0. 0. 1.]
   [0. 1. 1. 1.]
   [1. 1. 0. 0.]]

  [[1. 1. 1. 1.]
   [1. 1. 1. 0.]
   [1. 0. 0. 0.]
   [0. 0. 0. 0.]]]]
########################################
logits (1, 3, 4, 4)
[[[[0.05554414 0.01869845 0.07080972 0.27141213]
   [0.65317714 0.58058167 0.93273187 0.4293102 ]
   [0.41135514 0.44323444 0.28234375 0.399562  ]
   [0.9464109  0.7459034  0.5850476  0.9211211 ]]

  [[0.68897665 0.3992982  0.28653347 0.22129631]
   [0.98678243 0.2548753  0.59044313 0.87323976]
   [0.35679007 0.40958285 0.13033354 0.46951437]
   [0.2529379  0.18824983 0.736686   0.48727047]]

  [[0.5001017  0.32503247 0.49028778 0.51371074]
   [0.20151675 0.78892636 0.653041   0.44452262]
   [0.13248003 0.3896109  0.902364   0.3857646 ]
   [0.31667006 0.16516733 0.43019414 0.12097478]]]]
########################################
corrupted_logits (1, 3, 4, 4)
[[[[0.03927043 0.11039406 0.14794892 0.23568891]
   [0.7164466  0.5686978  0.85374546 0.5964059 ]
   [0.27661175 0.44732246 0.26015192 0.40856254]
   [0.9605147  0.7249009  0.54719025 0.94137806]]

  [[0.6614328  0.42496914 0.29939663 0.2275506 ]
   [1.0139738  0.2570246  0.5654969  0.8651896 ]
   [0.3208327  0.3679731  0.18267697 0.3878818 ]
   [0.30226213 0.17058505 0.75081825 0.50885445]]

  [[0.52131164 0.29888633 0.35568887 0.50850123]
   [0.24413036 0.79058176 0.6597955  0.45734516]
   [0.14712931 0.37671685 0.8576624  0.38444597]
   [0.34301662 0.00465275 0.39928034 0.18608512]]]]
########################################
sampled_corrupted_logits (2, ?, 3, 4, 4)
[[[[[ 0.03931136 -0.03368941  0.0602749   0.26874316]
    [ 0.6244372   0.6073625   0.98697907  0.4162901 ]
    [ 0.50768167  0.39895138  0.32102597  0.4054816 ]
    [ 0.9608021   0.7239322   0.53205574  0.9254052 ]]

   [[ 0.59511757  0.3474123   0.23796417  0.21464302]
    [ 0.9774571   0.21550316  0.5412062   0.86396897]
    [ 0.34448034  0.423486    0.19683647  0.41137654]
    [ 0.1745112   0.2198194   0.7631005   0.44759923]]

   [[ 0.5401076   0.28390118  0.56389683  0.5115141 ]
    [ 0.23507172  0.7189641   0.63957417  0.47354445]
    [ 0.12638627  0.47663882  0.8648567   0.40047172]
    [ 0.33180237  0.08427822  0.31134105  0.11860259]]]]



 [[[[ 0.03380569  0.04678281  0.04161192  0.23258397]
    [ 0.6818302   0.607595    0.8695849   0.30532148]
    [ 0.46947476  0.43535885  0.2500441   0.4056488 ]
    [ 0.95230234  0.80838954  0.5456415   0.8423244 ]]

   [[ 0.6089071   0.46125716  0.3950762   0.22709683]
    [ 0.97258365  0.20178725  0.70629966  0.87827003]
    [ 0.3670123   0.31028402  0.19535547  0.5093029 ]
    [ 0.25878552  0.19345793  0.69511473  0.44923234]]

   [[ 0.40024668  0.2840502   0.59463876  0.53519356]
    [ 0.08270208  0.67692137  0.7134505   0.43064177]
    [ 0.12775242  0.49631375  0.8458589   0.37311444]
    [ 0.3024226   0.16556284  0.4112934   0.11185611]]]]]
########################################
####################
logits_true_class (2, ?, 3, 4, 4)
[[[[[ 0.          0.          0.          0.        ]
    [ 0.          0.          0.          0.        ]
    [ 0.          0.          0.          0.        ]
    [ 0.          0.          0.46696156  0.93085647]]

   [[ 0.          0.          0.          0.        ]
    [ 0.          0.          0.          0.9326483 ]
    [ 0.          0.44438523  0.02872459  0.48156688]
    [ 0.28335416  0.24279079  0.          0.        ]]

   [[ 0.4733438   0.35314196  0.56097716  0.48998877]
    [ 0.18800022  0.67485636  0.60666287  0.        ]
    [ 0.07192784  0.          0.          0.        ]
    [ 0.         -0.          0.          0.        ]]]]



 [[[[ 0.         -0.          0.          0.        ]
    [ 0.          0.          0.          0.        ]
    [ 0.          0.          0.          0.        ]
    [ 0.          0.          0.79630226  1.0267149 ]]

   [[ 0.          0.          0.          0.        ]
    [ 0.          0.          0.          0.7883827 ]
    [ 0.          0.45724615  0.06222545  0.4434214 ]
    [ 0.24936278  0.14942561  0.          0.        ]]

   [[ 0.5556651   0.27115396  0.5392026   0.525781  ]
    [ 0.18495604  0.7900078   0.6527636   0.        ]
    [ 0.14738421  0.          0.          0.        ]
    [ 0.          0.          0.          0.        ]]]]]
logits_other_classes (2, ?, 3, 4, 4)
[[[[[ 0.08164916 -0.06118908  0.05854436  0.24060199]
    [ 0.7302178   0.58013606  0.90094584  0.27919686]
    [ 0.5322105   0.44730535  0.3142031   0.4044503 ]
    [ 0.8834492   0.8406739  -0.         -0.        ]]

   [[ 0.833298    0.33866388  0.29419774  0.16071251]
    [ 0.97950745  0.3693501   0.71337235 -0.        ]
    [ 0.39905712 -0.         -0.         -0.        ]
    [-0.         -0.          0.70998394  0.5013373 ]]

   [[-0.         -0.         -0.         -0.        ]
    [-0.         -0.         -0.          0.5727476 ]
    [-0.          0.2761085   0.92472875  0.37858307]
    [ 0.49416435  0.12114401  0.34832954  0.17465563]]]]



 [[[[ 0.11983828 -0.00901165  0.06298611  0.20052846]
    [ 0.7008205   0.54039     0.947469    0.37644038]
    [ 0.18848653  0.40871936  0.292939    0.40466192]
    [ 0.89617044  0.72676563 -0.         -0.        ]]

   [[ 0.7125469   0.4769749   0.2316925   0.21887611]
    [ 0.96631426  0.27678937  0.65319514 -0.        ]
    [ 0.35565302 -0.         -0.         -0.        ]
    [-0.         -0.          0.7152582   0.33873647]]

   [[-0.         -0.         -0.         -0.        ]
    [-0.         -0.         -0.          0.43557513]
    [-0.          0.36884218  0.88437176  0.3725097 ]
    [ 0.36144555 -0.05845551  0.43070978  0.16788596]]]]]
########################################
logits_c (2, ?, 1, 4, 4)
[[[[[0.5136516  0.27653912 0.52156204 0.5114825 ]
    [0.26353347 0.9038807  0.7289628  0.9075162 ]
    [0.10811125 0.40406677 0.06591    0.5054486 ]
    [0.3491339  0.1967036  0.5852232  0.96180177]]]]



 [[[[0.44913584 0.28616115 0.55197567 0.45164245]
    [0.24521382 0.7659431  0.6408968  0.9267796 ]
    [0.14374404 0.2820335  0.06816618 0.44535542]
    [0.26044655 0.17549738 0.496627   0.96559286]]]]]
########################################
logits_diff (2, ?, 3, 4, 4)
[[[[[-0.49074227 -0.28881207 -0.5736032  -0.25142452]
    [ 0.46584326 -0.13968027  0.12488955 -0.6566948 ]
    [ 0.39544785  0.06929314  0.19322447 -0.06116289]
    [ 0.63267374  0.6665298   0.          0.        ]]

   [[ 0.12050158  0.11281306 -0.34055713 -0.35437125]
    [ 0.8181357  -0.38709512 -0.15593159  0.        ]
    [ 0.21762782  0.          0.          0.        ]
    [ 0.          0.          0.14538962 -0.3830886 ]]

   [[ 0.          0.          0.          0.        ]
    [ 0.          0.          0.         -0.49235746]
    [ 0.          0.00164825  0.77675265 -0.08669183]
    [-0.02297473  0.14198676 -0.27259564 -0.8446522 ]]]]



 [[[[-0.39857963 -0.50675887 -0.53311044 -0.07969531]
    [ 0.44482824 -0.15446585  0.27217746 -0.30400938]
    [ 0.32517254  0.0696674   0.25350076 -0.10747632]
    [ 0.7883848   0.5327086   0.          0.        ]]

   [[ 0.3138946   0.02747136 -0.26427618 -0.24248596]
    [ 0.8056567  -0.4599066  -0.13457996  0.        ]
    [ 0.21086903  0.          0.          0.        ]
    [ 0.          0.          0.19282776 -0.25118446]]

   [[ 0.          0.          0.          0.        ]
    [ 0.          0.          0.         -0.4558349 ]
    [ 0.          0.04758018  0.8555747  -0.09033665]
    [-0.00165106 -0.00893079 -0.32341695 -0.7908956 ]]]]]
########################################
logits_diff_exp (2, ?, 3, 4, 4)
[[[[[ 0.6985917   0.759716    0.7428666   0.8273931 ]
    [ 1.5849532   0.77484125  1.2851418   0.60833514]
    [ 1.2320901   1.0293936   1.2204169   0.90861493]
    [ 1.9188411   1.6038686  -0.         -0.        ]]

   [[ 1.287345    1.1436136   0.6847113   0.7421055 ]
    [ 2.312352    0.5740865   0.99062985 -0.        ]
    [ 1.2430611  -0.         -0.         -0.        ]
    [-0.         -0.          1.3117174   0.6425879 ]]

   [[-0.         -0.         -0.         -0.        ]
    [-0.         -0.         -0.          0.6397288 ]
    [-0.          0.9691308   2.2123067   0.88151604]
    [ 0.9626575   1.0231997   0.9077671   0.41825527]]]]



 [[[[ 0.65024984  0.7233746   0.744695    0.7116414 ]
    [ 1.2992606   0.80606323  1.4059206   0.58827263]
    [ 1.0895959   1.1669974   1.1589835   0.8982775 ]
    [ 2.632984    1.7012275  -0.         -0.        ]]

   [[ 1.0762119   1.1248068   0.923037    0.6582137 ]
    [ 1.940784    0.60668856  0.9247057  -0.        ]
    [ 1.3034016  -0.         -0.         -0.        ]
    [-0.         -0.          1.207303    0.7633106 ]]

   [[-0.         -0.         -0.         -0.        ]
    [-0.         -0.         -0.          0.6692403 ]
    [-0.          1.2262454   2.123444    0.90664023]
    [ 1.1116474   0.8213137   0.90708077  0.44828516]]]]]
########################################
logits_sum1_class (2, ?, 1, 4, 4)
[[[[[1.818567  1.9793134 1.4491343 1.4529135]
    [4.148375  1.3505552 2.134762  1.290251 ]
    [2.6491764 1.9088819 3.042935  1.627763 ]
    [3.8491092 2.499693  1.9836055 1.0368762]]]]



 [[[[1.7739346 1.6933906 1.0168018 1.5670931]
    [3.6610317 1.5441197 2.338051  1.2527568]
    [2.7132926 2.1355906 3.0878365 1.8413765]
    [2.7789812 3.0368683 1.6601354 1.1902759]]]]]
########################################
log_sum1 (2, ?, 1, 4, 4)
[[[[[0.6205332  0.824259   0.3429844  0.51331556]
    [1.1337755  0.20291449 0.8461114  0.11675338]
    [0.94801694 0.6651561  1.2434263  0.65763617]
    [0.9768611  1.1366307  0.65563315 0.09903548]]]]



 [[[[0.7852968  0.65641    0.54436755 0.35941976]
    [1.3735449  0.37493095 0.8525133  0.17704462]
    [0.9801067  0.61152697 1.227314   0.5933845 ]
    [1.185179   0.97477627 0.625059   0.05463131]]]]]
########################################
sum2 (?, 1, 4, 4)
[[[[0.58686376 0.6001647  0.33527434 0.48097438]
   [1.3296187  0.34822536 0.7928113  0.24640606]
   [0.95755184 0.6670642  1.338915   0.6304237 ]
   [1.1949341  1.0270599  0.7560626  0.06802657]]]]
########################################
loss ()
0.6802453
########################################